
01 Sep 2016 23:22:40 Tweeted: 55555
01 Sep 2016 23:37:43 Tweeted: Jack B. Quick
01 Sep 2016 23:42:01 Tweeted: Chondrostoma kinzelbachi
01 Sep 2016 23:49:12 Tweeted: MFF Bordtennis
02 Sep 2016 00:29:54 Tweeted: Solar cycle 22
02 Sep 2016 00:30:00 Tweeted: Philippine International English School
02 Sep 2016 00:30:50 Tweeted: Yoko Kanno produce Cyber Bicci
02 Sep 2016 00:30:56 Tweeted: Emericella
02 Sep 2016 00:31:04 Tweeted: Tony Sly
02 Sep 2016 00:31:12 Tweeted: Hulk (comics)
02 Sep 2016 00:31:18 Tweeted: Juice=Juice
02 Sep 2016 00:35:19 Tweeted: Cape Lopatka
02 Sep 2016 15:13:49 Tweeted: Battle of Guadalacete
02 Sep 2016 15:14:02 Tweeted: Delete Yourself!
02 Sep 2016 15:18:10 Tweeted: Matura
02 Sep 2016 15:18:20 Tweeted: Miller (typeface)
02 Sep 2016 15:19:57 Tweeted: Bab-e-Pakistan
02 Sep 2016 15:20:47 Tweeted: Jon Jennings
02 Sep 2016 15:22:21 Tweeted: 108th Sustainment Brigade (United States)
02 Sep 2016 15:22:36 Tweeted: Ewyas Harold
02 Sep 2016 15:23:37 Tweeted: Panionium
02 Sep 2016 15:23:52 Tweeted: Hairdressers Journal International
02 Sep 2016 15:24:24 Tweeted: Ian Davey
02 Sep 2016 15:24:41 Tweeted: GridWars
02 Sep 2016 15:24:54 Tweeted: Welfare cost of business cycles
02 Sep 2016 15:25:09 Tweeted: The Little Review Gallery
02 Sep 2016 15:25:22 Tweeted: Ginkgo Petrified Forest State Park
08 Sep 2016 19:34:44 Tweeted: Guo Ziyi
08 Sep 2016 19:35:18 Tweeted: Interstate Orphanage
08 Sep 2016 19:35:31 Tweeted: Ship replica
08 Sep 2016 19:35:44 Tweeted: Packet of Three
08 Sep 2016 19:36:06 Tweeted: St Mary's Bay railway station
08 Sep 2016 19:36:23 Tweeted: Necha Bedghari
08 Sep 2016 19:36:35 Tweeted: P. B. Nevill
08 Sep 2016 19:36:49 Tweeted: Hagel
08 Sep 2016 19:37:04 Tweeted: Shot Me Down
08 Sep 2016 19:37:23 Tweeted: AMA EnduroCross Championship
08 Sep 2016 19:37:38 Tweeted: Te Keepa Te Rangihiwinui
08 Sep 2016 19:37:51 Tweeted: Foote & Davies Company
08 Sep 2016 19:43:37 Tweeted: Affine manifold
08 Sep 2016 19:47:31 Tweeted: Bwiti
08 Sep 2016 19:47:44 Tweeted: Nash Papyrus
08 Sep 2016 19:47:57 Tweeted: Bad Moon Rising (album)
08 Sep 2016 19:48:12 Tweeted: Williams (lunar crater)
08 Sep 2016 19:49:18 Tweeted: Spatial gradient
08 Sep 2016 19:49:30 Tweeted: X.desktop
08 Sep 2016 19:50:10 Tweeted: Bona Thompson Memorial Center
08 Sep 2016 19:50:23 Tweeted: Mildred Burke
08 Sep 2016 19:50:38 Tweeted: Personal organizer
08 Sep 2016 19:50:57 Tweeted: Fidlers Run
08 Sep 2016 19:51:15 Tweeted: Galician Nationalist Convergence
08 Sep 2016 19:51:32 Tweeted: Ritual view of communication
08 Sep 2016 19:51:48 Tweeted: Harali
08 Sep 2016 19:52:06 Tweeted: Lysander (boat)
08 Sep 2016 19:52:19 Tweeted: Almost Like a Whale
08 Sep 2016 19:52:33 Tweeted: Willem Breuker
08 Sep 2016 19:52:48 Tweeted: Rabobank
08 Sep 2016 19:53:04 Tweeted: Dick Kempthorn
08 Sep 2016 19:53:22 Tweeted: Hope (programming language)
08 Sep 2016 19:53:35 Tweeted: Double burden
08 Sep 2016 19:53:51 Tweeted: Denvilles
08 Sep 2016 19:54:03 Tweeted: Howard S. Sheehy Jr.
08 Sep 2016 19:54:16 Tweeted: Witness Tha Realest
08 Sep 2016 19:58:00 Tweeted: Anil Dalpat
08 Sep 2016 19:58:14 Tweeted: Chalk-fronted corporal
08 Sep 2016 19:58:28 Tweeted: Central London Property Trust Ltd v High Trees House Ltd
08 Sep 2016 19:58:42 Tweeted: John Thomson (Ohio politician)
08 Sep 2016 19:59:01 Tweeted: Mount Ningadhun
08 Sep 2016 19:59:55 Tweeted: House of Yes: Live from House of Blues
08 Sep 2016 20:00:11 Tweeted: Democratic Convergence of Catalonia
08 Sep 2016 20:00:39 Tweeted: 819th Strategic Aerospace Division
08 Sep 2016 20:00:52 Tweeted: Manuel Cipriano Dulanto
08 Sep 2016 20:01:04 Tweeted: Logophoricity
08 Sep 2016 20:01:23 Tweeted: Todd Farm (North Smithfield, Rhode Island)
08 Sep 2016 20:01:39 Tweeted: Holddown
08 Sep 2016 20:01:53 Tweeted: Joe Szwaja
08 Sep 2016 20:02:09 Tweeted: Come Walk with Me (song)
08 Sep 2016 20:02:22 Tweeted: Rosie Collins
08 Sep 2016 20:02:37 Tweeted: Trinity Anglican Church (Ottawa)
08 Sep 2016 20:02:53 Tweeted: Texas Senate, District 19
08 Sep 2016 20:03:09 Tweeted: Finabah
08 Sep 2016 20:03:24 Tweeted: Simple Dietz method
08 Sep 2016 20:03:40 Tweeted: NET.
08 Sep 2016 20:03:54 Tweeted: San Miguel Province
08 Sep 2016 20:04:07 Tweeted: Banu
08 Sep 2016 20:04:23 Tweeted: Neighbourhood Cable